# JRE version: Java(TM) SE Runtime Environment (7.0_72-b14) (build 1.7.0_72-b14)
# Java VM: Java HotSpot(TM) 64-Bit Server VM (24.72-b04 mixed mode linux-amd64 compressed oops)
Heap
 PSYoungGen      total 130048K, used 87202K [0x00000007d6e00000, 0x00000007dee00000, 0x0000000800000000)
  eden space 129024K, 67% used [0x00000007d6e00000,0x00000007dc2c4870,0x00000007dec00000)
  from space 1024K, 39% used [0x00000007ded00000,0x00000007ded64010,0x00000007dee00000)
  to   space 1024K, 0% used [0x00000007dec00000,0x00000007dec00000,0x00000007ded00000)
 ParOldGen       total 83968K, used 16K [0x0000000784a00000, 0x0000000789c00000, 0x00000007d6e00000)
  object space 83968K, 0% used [0x0000000784a00000,0x0000000784a04000,0x0000000789c00000)
 PSPermGen       total 21504K, used 2765K [0x000000077f800000, 0x0000000780d00000, 0x0000000784a00000)
  object space 21504K, 12% used [0x000000077f800000,0x000000077fab3508,0x0000000780d00000)
GC Heap History (10 events):
Event: 0.781 GC heap before
{Heap before GC invocations=2 (full 0):
 PSYoungGen      total 37376K, used 32800K [0x00000007d6e00000, 0x00000007d9780000, 0x0000000800000000)
  eden space 32256K, 100% used [0x00000007d6e00000,0x00000007d8d80000,0x00000007d8d80000)
  from space 5120K, 10% used [0x00000007d8d80000,0x00000007d8e08020,0x00000007d9280000)
  to   space 5120K, 0% used [0x00000007d9280000,0x00000007d9280000,0x00000007d9780000)
 ParOldGen       total 83968K, used 8K [0x0000000784a00000, 0x0000000789c00000, 0x00000007d6e00000)
  object space 83968K, 0% used [0x0000000784a00000,0x0000000784a02000,0x0000000789c00000)
 PSPermGen       total 21504K, used 2714K [0x000000077f800000, 0x0000000780d00000, 0x0000000784a00000)
  object space 21504K, 12% used [0x000000077f800000,0x000000077faa69f0,0x0000000780d00000)
Event: 0.784 GC heap after
Heap after GC invocations=2 (full 0):
 PSYoungGen      total 37376K, used 448K [0x00000007d6e00000, 0x00000007db700000, 0x0000000800000000)
  eden space 32256K, 0% used [0x00000007d6e00000,0x00000007d6e00000,0x00000007d8d80000)
  from space 5120K, 8% used [0x00000007d9280000,0x00000007d92f0000,0x00000007d9780000)
  to   space 5120K, 0% used [0x00000007d8d80000,0x00000007d8d80000,0x00000007d9280000)
 ParOldGen       total 83968K, used 8K [0x0000000784a00000, 0x0000000789c00000, 0x00000007d6e00000)
  object space 83968K, 0% used [0x0000000784a00000,0x0000000784a02000,0x0000000789c00000)
 PSPermGen       total 21504K, used 2714K [0x000000077f800000, 0x0000000780d00000, 0x0000000784a00000)
  object space 21504K, 12% used [0x000000077f800000,0x000000077faa69f0,0x0000000780d00000)
}
Event: 0.863 GC heap before
{Heap before GC invocations=3 (full 0):
 PSYoungGen      total 37376K, used 32704K [0x00000007d6e00000, 0x00000007db700000, 0x0000000800000000)
  eden space 32256K, 100% used [0x00000007d6e00000,0x00000007d8d80000,0x00000007d8d80000)
  from space 5120K, 8% used [0x00000007d9280000,0x00000007d92f0000,0x00000007d9780000)
  to   space 5120K, 0% used [0x00000007d8d80000,0x00000007d8d80000,0x00000007d9280000)
 ParOldGen       total 83968K, used 8K [0x0000000784a00000, 0x0000000789c00000, 0x00000007d6e00000)
  object space 83968K, 0% used [0x0000000784a00000,0x0000000784a02000,0x0000000789c00000)
 PSPermGen       total 21504K, used 2714K [0x000000077f800000, 0x0000000780d00000, 0x0000000784a00000)
  object space 21504K, 12% used [0x000000077f800000,0x000000077faa6aa8,0x0000000780d00000)
Event: 0.864 GC heap after
Heap after GC invocations=3 (full 0):
 PSYoungGen      total 37376K, used 480K [0x00000007d6e00000, 0x00000007db700000, 0x0000000800000000)
  eden space 32256K, 0% used [0x00000007d6e00000,0x00000007d6e00000,0x00000007d8d80000)
  from space 5120K, 9% used [0x00000007d8d80000,0x00000007d8df8020,0x00000007d9280000)
  to   space 5120K, 0% used [0x00000007db200000,0x00000007db200000,0x00000007db700000)
 ParOldGen       total 83968K, used 16K [0x0000000784a00000, 0x0000000789c00000, 0x00000007d6e00000)
  object space 83968K, 0% used [0x0000000784a00000,0x0000000784a04000,0x0000000789c00000)
 PSPermGen       total 21504K, used 2714K [0x000000077f800000, 0x0000000780d00000, 0x0000000784a00000)
  object space 21504K, 12% used [0x000000077f800000,0x000000077faa6aa8,0x0000000780d00000)
}
Event: 0.941 GC heap before
{Heap before GC invocations=4 (full 0):
 PSYoungGen      total 37376K, used 32736K [0x00000007d6e00000, 0x00000007db700000, 0x0000000800000000)
  eden space 32256K, 100% used [0x00000007d6e00000,0x00000007d8d80000,0x00000007d8d80000)
  from space 5120K, 9% used [0x00000007d8d80000,0x00000007d8df8020,0x00000007d9280000)
  to   space 5120K, 0% used [0x00000007db200000,0x00000007db200000,0x00000007db700000)
 ParOldGen       total 83968K, used 16K [0x0000000784a00000, 0x0000000789c00000, 0x00000007d6e00000)
  object space 83968K, 0% used [0x0000000784a00000,0x0000000784a04000,0x0000000789c00000)
 PSPermGen       total 21504K, used 2714K [0x000000077f800000, 0x0000000780d00000, 0x0000000784a00000)
  object space 21504K, 12% used [0x000000077f800000,0x000000077faa6aa8,0x0000000780d00000)
Event: 0.943 GC heap after
Heap after GC invocations=4 (full 0):
 PSYoungGen      total 69632K, used 480K [0x00000007d6e00000, 0x00000007db700000, 0x0000000800000000)
  eden space 64512K, 0% used [0x00000007d6e00000,0x00000007d6e00000,0x00000007dad00000)
  from space 5120K, 9% used [0x00000007db200000,0x00000007db278000,0x00000007db700000)
  to   space 5120K, 0% used [0x00000007dad00000,0x00000007dad00000,0x00000007db200000)
 ParOldGen       total 83968K, used 16K [0x0000000784a00000, 0x0000000789c00000, 0x00000007d6e00000)
  object space 83968K, 0% used [0x0000000784a00000,0x0000000784a04000,0x0000000789c00000)
 PSPermGen       total 21504K, used 2714K [0x000000077f800000, 0x0000000780d00000, 0x0000000784a00000)
  object space 21504K, 12% used [0x000000077f800000,0x000000077faa6aa8,0x0000000780d00000)
}
Event: 1.052 GC heap before
{Heap before GC invocations=5 (full 0):
 PSYoungGen      total 69632K, used 64992K [0x00000007d6e00000, 0x00000007db700000, 0x0000000800000000)
  eden space 64512K, 100% used [0x00000007d6e00000,0x00000007dad00000,0x00000007dad00000)
  from space 5120K, 9% used [0x00000007db200000,0x00000007db278000,0x00000007db700000)
  to   space 5120K, 0% used [0x00000007dad00000,0x00000007dad00000,0x00000007db200000)
 ParOldGen       total 83968K, used 16K [0x0000000784a00000, 0x0000000789c00000, 0x00000007d6e00000)
  object space 83968K, 0% used [0x0000000784a00000,0x0000000784a04000,0x0000000789c00000)
 PSPermGen       total 21504K, used 2714K [0x000000077f800000, 0x0000000780d00000, 0x0000000784a00000)
  object space 21504K, 12% used [0x000000077f800000,0x000000077faa6aa8,0x0000000780d00000)
Event: 1.054 GC heap after
Heap after GC invocations=5 (full 0):
 PSYoungGen      total 69632K, used 464K [0x00000007d6e00000, 0x00000007dee00000, 0x0000000800000000)
  eden space 64512K, 0% used [0x00000007d6e00000,0x00000007d6e00000,0x00000007dad00000)
  from space 5120K, 9% used [0x00000007dad00000,0x00000007dad74010,0x00000007db200000)
  to   space 1024K, 0% used [0x00000007ded00000,0x00000007ded00000,0x00000007dee00000)
 ParOldGen       total 83968K, used 16K [0x0000000784a00000, 0x0000000789c00000, 0x00000007d6e00000)
  object space 83968K, 0% used [0x0000000784a00000,0x0000000784a04000,0x0000000789c00000)
 PSPermGen       total 21504K, used 2714K [0x000000077f800000, 0x0000000780d00000, 0x0000000784a00000)
  object space 21504K, 12% used [0x000000077f800000,0x000000077faa6aa8,0x0000000780d00000)
}
Event: 1.153 GC heap before
{Heap before GC invocations=6 (full 0):
 PSYoungGen      total 69632K, used 64976K [0x00000007d6e00000, 0x00000007dee00000, 0x0000000800000000)
  eden space 64512K, 100% used [0x00000007d6e00000,0x00000007dad00000,0x00000007dad00000)
  from space 5120K, 9% used [0x00000007dad00000,0x00000007dad74010,0x00000007db200000)
  to   space 1024K, 0% used [0x00000007ded00000,0x00000007ded00000,0x00000007dee00000)
 ParOldGen       total 83968K, used 16K [0x0000000784a00000, 0x0000000789c00000, 0x00000007d6e00000)
  object space 83968K, 0% used [0x0000000784a00000,0x0000000784a04000,0x0000000789c00000)
 PSPermGen       total 21504K, used 2714K [0x000000077f800000, 0x0000000780d00000, 0x0000000784a00000)
  object space 21504K, 12% used [0x000000077f800000,0x000000077faa6aa8,0x0000000780d00000)
Event: 1.156 GC heap after
Heap after GC invocations=6 (full 0):
 PSYoungGen      total 130048K, used 400K [0x00000007d6e00000, 0x00000007dee00000, 0x0000000800000000)
  eden space 129024K, 0% used [0x00000007d6e00000,0x00000007d6e00000,0x00000007dec00000)
  from space 1024K, 39% used [0x00000007ded00000,0x00000007ded64010,0x00000007dee00000)
  to   space 1024K, 0% used [0x00000007dec00000,0x00000007dec00000,0x00000007ded00000)
 ParOldGen       total 83968K, used 16K [0x0000000784a00000, 0x0000000789c00000, 0x00000007d6e00000)
  object space 83968K, 0% used [0x0000000784a00000,0x0000000784a04000,0x0000000789c00000)
 PSPermGen       total 21504K, used 2714K [0x000000077f800000, 0x0000000780d00000, 0x0000000784a00000)
  object space 21504K, 12% used [0x000000077f800000,0x000000077faa6aa8,0x0000000780d00000)
}

